<?xml version="1.0" encoding="UTF-8"?>
<!-- Generated by org.testng.reporters.JUnitReportReporter -->
<testsuite hostname="DESKTOP-8IARFOR" failures="0" tests="2" name="com.tutorialsninja.qa.testcases.Register" time="42.738" errors="0" timestamp="2023-05-27T10:16:27 CEST" skipped="0">
  <testcase classname="com.tutorialsninja.qa.testcases.Register" name="RegisterWithValidExistingCredentials" time="21.420"/>
  <system-out/>
  <testcase classname="com.tutorialsninja.qa.testcases.Register" name="RegisterWithValidCredentials" time="21.318"/>
  <system-out/>
</testsuite> <!-- com.tutorialsninja.qa.testcases.Register -->
