<?xml version="1.0" encoding="UTF-8"?>
<!-- Generated by org.testng.reporters.JUnitReportReporter -->
<testsuite hostname="DESKTOP-8IARFOR" failures="0" tests="2" name="com.tutorialsninja.qa.testcases.Search" time="38.107" errors="0" timestamp="2023-05-27T10:16:27 CEST" skipped="0">
  <testcase classname="com.tutorialsninja.qa.testcases.Search" name="VerifySearchWithValidProduct" time="19.140"/>
  <system-out/>
  <testcase classname="com.tutorialsninja.qa.testcases.Search" name="VerifyWithInvalidProduct" time="18.967"/>
  <system-out/>
</testsuite> <!-- com.tutorialsninja.qa.testcases.Search -->
