<?xml version="1.0" encoding="UTF-8"?>
<!-- Generated by org.testng.reporters.JUnitReportReporter -->
<testsuite hostname="DESKTOP-8IARFOR" failures="0" tests="1" name="com.tutorialsninja.qa.testcases.SearchTest" time="26.409" errors="0" timestamp="2023-05-30T19:32:15 CEST" skipped="0">
  <testcase classname="com.tutorialsninja.qa.testcases.SearchTest" name="VerifySearchWithValidProduct" time="26.409"/>
  <system-out/>
</testsuite> <!-- com.tutorialsninja.qa.testcases.SearchTest -->
