<?xml version="1.0" encoding="UTF-8"?>
<!-- Generated by org.testng.reporters.JUnitReportReporter -->
<testsuite hostname="DESKTOP-8IARFOR" failures="0" tests="3" name="com.tutorialsninja.qa.testcases.Login" time="66.055" errors="0" timestamp="2023-05-27T10:16:27 CEST" skipped="0">
  <testcase classname="com.tutorialsninja.qa.testcases.Login" name="VerifyLoginWithValidCredentials" time="22.966"/>
  <system-out/>
  <testcase classname="com.tutorialsninja.qa.testcases.Login" name="VerifyLoginWithValidCredentials" time="25.103"/>
  <system-out/>
  <testcase classname="com.tutorialsninja.qa.testcases.Login" name="VerifyLoginWithInValidCredentials" time="17.986"/>
  <system-out/>
</testsuite> <!-- com.tutorialsninja.qa.testcases.Login -->
