<?xml version="1.0" encoding="UTF-8"?>
<!-- Generated by org.testng.reporters.JUnitReportReporter -->
<testsuite hostname="DESKTOP-8IARFOR" failures="0" tests="1" name="com.tutorialsninja.qa.testcases.demo" time="0.026" errors="0" timestamp="2023-05-26T15:39:05 CEST" skipped="0">
  <testcase classname="com.tutorialsninja.qa.testcases.demo" name="generatetimestamp" time="0.026"/>
  <system-out/>
</testsuite> <!-- com.tutorialsninja.qa.testcases.demo -->
